[%DemoFile] [%2025-10-17T10:24:03.899682] [%ERROR] [%Error is getting printed :: 0]
[%DemoFile] [%2025-10-17T10:24:03.900444] [%DEBUG] [%Debug is getting printed :: 0]
[%DemoFile] [%2025-10-17T10:24:03.900613] [%INFO] [%Info is getting printed :: 0]
[%DemoFile] [%2025-10-17T10:24:04.901388] [%ERROR] [%Error is getting printed :: 1]
[%DemoFile] [%2025-10-17T10:24:04.905079] [%DEBUG] [%Debug is getting printed :: 1]
[%DemoFile] [%2025-10-17T10:24:04.905687] [%INFO] [%Info is getting printed :: 1]
[%DemoFile] [%2025-10-17T10:24:05.907473] [%DEBUG] [%Debug is getting printed :: 2]
[%DemoFile] [%2025-10-17T10:24:05.908507] [%ERROR] [%Error is getting printed :: 2]
[%DemoFile] [%2025-10-17T10:24:05.911082] [%INFO] [%Info is getting printed :: 2]
[%DemoFile] [%2025-10-17T10:24:06.913801] [%INFO] [%Info is getting printed :: 3]
[%DemoFile] [%2025-10-17T10:24:06.915041] [%DEBUG] [%Debug is getting printed :: 3]
[%DemoFile] [%2025-10-17T10:24:06.915778] [%ERROR] [%Error is getting printed :: 3]
[%DemoFile] [%2025-10-17T10:24:07.918062] [%DEBUG] [%Debug is getting printed :: 4]
[%DemoFile] [%2025-10-17T10:24:07.918691] [%INFO] [%Info is getting printed :: 4]
[%DemoFile] [%2025-10-17T10:24:07.920631] [%ERROR] [%Error is getting printed :: 4]
[%DemoFile] [%2025-10-17T10:24:08.899013] [%FATAL] [%Critical System Failure]
[%DemoFile] [%2025-10-17T10:24:08.900187] [%INFO] [%Application started successfully]
[%DemoFile] [%2025-10-17T10:24:08.924488] [%INFO] [%Info is getting printed :: 5]
[%DemoFile] [%2025-10-17T10:24:08.925566] [%ERROR] [%Error is getting printed :: 5]
[%DemoFile] [%2025-10-17T10:24:09.931023] [%INFO] [%Info is getting printed :: 6]
[%DemoFile] [%2025-10-17T10:24:09.932123] [%ERROR] [%Error is getting printed :: 6]
[%DemoFile] [%2025-10-17T10:24:10.935372] [%ERROR] [%Error is getting printed :: 7]
[%DemoFile] [%2025-10-17T10:24:10.937186] [%INFO] [%Info is getting printed :: 7]
[%DemoFile] [%2025-10-17T10:24:11.941735] [%ERROR] [%Error is getting printed :: 8]
[%DemoFile] [%2025-10-17T10:24:11.942804] [%INFO] [%Info is getting printed :: 8]
[%DemoFile] [%2025-10-17T10:24:12.947477] [%INFO] [%Info is getting printed :: 9]
[%DemoFile] [%2025-10-17T10:24:12.948187] [%ERROR] [%Error is getting printed :: 9]
